2025-06-22T11:26:52.027+05:30  INFO 12172 --- [Rental-Service] [main] c.h.r.RentalServiceApplication           : Starting RentalServiceApplication using Java 21.0.6 with PID 12172 (C:\Users\Tharun\Desktop\Hexaware\Java_Angular_Hexaware\CaseStudy\Rental-Service\target\classes started by Tharun in C:\Users\Tharun\Desktop\Hexaware\Java_Angular_Hexaware\CaseStudy\Rental-Service)
2025-06-22T11:26:52.035+05:30 DEBUG 12172 --- [Rental-Service] [main] c.h.r.RentalServiceApplication           : Running with Spring Boot v3.5.0, Spring v6.2.7
2025-06-22T11:26:52.036+05:30  INFO 12172 --- [Rental-Service] [main] c.h.r.RentalServiceApplication           : No active profile set, falling back to 1 default profile: "default"
2025-06-22T11:26:54.845+05:30  INFO 12172 --- [Rental-Service] [main] .s.d.r.c.RepositoryConfigurationDelegate : Bootstrapping Spring Data JPA repositories in DEFAULT mode.
2025-06-22T11:26:54.952+05:30  INFO 12172 --- [Rental-Service] [main] .s.d.r.c.RepositoryConfigurationDelegate : Finished Spring Data repository scanning in 100 ms. Found 3 JPA repository interfaces.
2025-06-22T11:26:55.362+05:30  INFO 12172 --- [Rental-Service] [main] o.s.b.w.embedded.tomcat.TomcatWebServer  : Tomcat initialized with port 8282 (http)
2025-06-22T11:26:55.373+05:30  INFO 12172 --- [Rental-Service] [main] o.apache.catalina.core.StandardService   : Starting service [Tomcat]
2025-06-22T11:26:55.374+05:30  INFO 12172 --- [Rental-Service] [main] o.apache.catalina.core.StandardEngine    : Starting Servlet engine: [Apache Tomcat/10.1.41]
2025-06-22T11:26:55.418+05:30  INFO 12172 --- [Rental-Service] [main] o.a.c.c.C.[Tomcat].[localhost].[/]       : Initializing Spring embedded WebApplicationContext
2025-06-22T11:26:55.419+05:30  INFO 12172 --- [Rental-Service] [main] w.s.c.ServletWebServerApplicationContext : Root WebApplicationContext: initialization completed in 3334 ms
2025-06-22T11:26:55.550+05:30  INFO 12172 --- [Rental-Service] [main] o.hibernate.jpa.internal.util.LogHelper  : HHH000204: Processing PersistenceUnitInfo [name: default]
2025-06-22T11:26:55.590+05:30  INFO 12172 --- [Rental-Service] [main] org.hibernate.Version                    : HHH000412: Hibernate ORM core version 6.6.15.Final
2025-06-22T11:26:55.629+05:30  INFO 12172 --- [Rental-Service] [main] o.h.c.internal.RegionFactoryInitiator    : HHH000026: Second-level cache disabled
2025-06-22T11:26:55.864+05:30  INFO 12172 --- [Rental-Service] [main] o.s.o.j.p.SpringPersistenceUnitInfo      : No LoadTimeWeaver setup: ignoring JPA class transformer
2025-06-22T11:26:55.889+05:30  INFO 12172 --- [Rental-Service] [main] com.zaxxer.hikari.HikariDataSource       : HikariPool-1 - Starting...
2025-06-22T11:26:56.530+05:30  INFO 12172 --- [Rental-Service] [main] com.zaxxer.hikari.pool.HikariPool        : HikariPool-1 - Added connection com.mysql.cj.jdbc.ConnectionImpl@6adcf059
2025-06-22T11:26:56.532+05:30  INFO 12172 --- [Rental-Service] [main] com.zaxxer.hikari.HikariDataSource       : HikariPool-1 - Start completed.
2025-06-22T11:26:56.679+05:30  WARN 12172 --- [Rental-Service] [main] org.hibernate.orm.deprecation            : HHH90000025: MySQLDialect does not need to be specified explicitly using 'hibernate.dialect' (remove the property setting and it will be selected by default)
2025-06-22T11:26:56.700+05:30  INFO 12172 --- [Rental-Service] [main] org.hibernate.orm.connections.pooling    : HHH10001005: Database info:
	Database JDBC URL [Connecting through datasource 'HikariDataSource (HikariPool-1)']
	Database driver: undefined/unknown
	Database version: 8.0.41
	Autocommit mode: undefined/unknown
	Isolation level: undefined/unknown
	Minimum pool size: undefined/unknown
	Maximum pool size: undefined/unknown
2025-06-22T11:26:57.665+05:30  INFO 12172 --- [Rental-Service] [main] o.h.e.t.j.p.i.JtaPlatformInitiator       : HHH000489: No JTA platform available (set 'hibernate.transaction.jta.platform' to enable JTA platform integration)
2025-06-22T11:26:58.066+05:30  INFO 12172 --- [Rental-Service] [main] j.LocalContainerEntityManagerFactoryBean : Initialized JPA EntityManagerFactory for persistence unit 'default'
2025-06-22T11:26:58.319+05:30  INFO 12172 --- [Rental-Service] [main] o.s.d.j.r.query.QueryEnhancerFactory     : Hibernate is in classpath; If applicable, HQL parser will be used.
2025-06-22T11:26:59.011+05:30  WARN 12172 --- [Rental-Service] [main] JpaBaseConfiguration$JpaWebConfiguration : spring.jpa.open-in-view is enabled by default. Therefore, database queries may be performed during view rendering. Explicitly configure spring.jpa.open-in-view to disable this warning
2025-06-22T11:26:59.432+05:30  INFO 12172 --- [Rental-Service] [main] o.s.b.w.embedded.tomcat.TomcatWebServer  : Tomcat started on port 8282 (http) with context path '/'
2025-06-22T11:26:59.443+05:30  INFO 12172 --- [Rental-Service] [main] c.h.r.RentalServiceApplication           : Started RentalServiceApplication in 7.855 seconds (process running for 8.521)
2025-06-22T11:30:11.016+05:30  INFO 12172 --- [Rental-Service] [http-nio-8282-exec-4] o.a.c.c.C.[Tomcat].[localhost].[/]       : Initializing Spring DispatcherServlet 'dispatcherServlet'
2025-06-22T11:30:11.020+05:30  INFO 12172 --- [Rental-Service] [http-nio-8282-exec-4] o.s.web.servlet.DispatcherServlet        : Initializing Servlet 'dispatcherServlet'
2025-06-22T11:30:11.039+05:30  INFO 12172 --- [Rental-Service] [http-nio-8282-exec-4] o.s.web.servlet.DispatcherServlet        : Completed initialization in 18 ms
2025-06-22T11:30:11.107+05:30  INFO 12172 --- [Rental-Service] [http-nio-8282-exec-4] c.h.r.service.ReservationServiceImp      : Fetching reservation with id=7004 
2025-06-22T11:30:25.344+05:30  INFO 12172 --- [Rental-Service] [http-nio-8282-exec-3] c.h.r.service.ReservationServiceImp      : Fetching reservation with id=7004 
2025-06-22T11:31:48.780+05:30  INFO 12172 --- [Rental-Service] [http-nio-8282-exec-6] c.h.r.service.ReservationServiceImp      : Fetching reservation with id=7004 
2025-06-22T11:40:34.278+05:30  INFO 12172 --- [Rental-Service] [http-nio-8282-exec-7] c.h.r.service.ReservationServiceImp      : Fetching reservation with id=7004 
2025-06-22T11:46:37.088+05:30  INFO 12172 --- [Rental-Service] [http-nio-8282-exec-10] c.h.r.service.ReservationServiceImp      : Fetching reservation with id=7003 
2025-06-22T11:46:54.937+05:30  INFO 12172 --- [Rental-Service] [http-nio-8282-exec-3] c.h.r.service.ReservationServiceImp      : Fetching reservation with id=7003 
2025-06-22T11:47:10.976+05:30  INFO 12172 --- [Rental-Service] [http-nio-8282-exec-6] c.h.r.service.ReservationServiceImp      : Fetching reservation with id=7003 
2025-06-22T11:48:09.018+05:30  INFO 12172 --- [Rental-Service] [http-nio-8282-exec-1] c.h.r.service.ReservationServiceImp      : Fetching reservation with id=7003 
2025-06-22T11:48:58.163+05:30  INFO 12172 --- [Rental-Service] [http-nio-8282-exec-7] c.h.r.service.ReservationServiceImp      : Fetching reservation with id=7003 
2025-06-22T11:49:17.315+05:30  INFO 12172 --- [Rental-Service] [http-nio-8282-exec-5] c.h.r.service.ReservationServiceImp      : Fetching reservation with id=7003 
2025-06-22T11:49:48.897+05:30  INFO 12172 --- [Rental-Service] [http-nio-8282-exec-8] c.h.r.service.ReservationServiceImp      : Fetching reservation with id=7003 
2025-06-22T11:51:54.332+05:30  INFO 12172 --- [Rental-Service] [RMI TCP Connection(29)-127.0.0.1] inMXBeanRegistrar$SpringApplicationAdmin : Application shutdown requested.
2025-06-22T11:51:54.987+05:30  INFO 12172 --- [Rental-Service] [RMI TCP Connection(29)-127.0.0.1] o.s.b.w.e.tomcat.GracefulShutdown        : Commencing graceful shutdown. Waiting for active requests to complete
2025-06-22T11:51:55.118+05:30  INFO 12172 --- [Rental-Service] [tomcat-shutdown] o.s.b.w.e.tomcat.GracefulShutdown        : Graceful shutdown complete
2025-06-22T11:51:55.307+05:30  INFO 12172 --- [Rental-Service] [RMI TCP Connection(29)-127.0.0.1] j.LocalContainerEntityManagerFactoryBean : Closing JPA EntityManagerFactory for persistence unit 'default'
2025-06-22T11:51:55.677+05:30  INFO 12172 --- [Rental-Service] [RMI TCP Connection(29)-127.0.0.1] com.zaxxer.hikari.HikariDataSource       : HikariPool-1 - Shutdown initiated...
2025-06-22T11:51:55.762+05:30  INFO 12172 --- [Rental-Service] [RMI TCP Connection(29)-127.0.0.1] com.zaxxer.hikari.HikariDataSource       : HikariPool-1 - Shutdown completed.
