2025-06-22T11:25:42.842+05:30  INFO 11060 --- [User-Service] [main] c.h.userservice.UserServiceApplication   : Starting UserServiceApplication using Java 21.0.6 with PID 11060 (C:\Users\Tharun\Desktop\Hexaware\Java_Angular_Hexaware\CaseStudy\User-Service\target\classes started by Tharun in C:\Users\Tharun\Desktop\Hexaware\Java_Angular_Hexaware\CaseStudy\User-Service)
2025-06-22T11:25:42.848+05:30 DEBUG 11060 --- [User-Service] [main] c.h.userservice.UserServiceApplication   : Running with Spring Boot v3.5.0, Spring v6.2.7
2025-06-22T11:25:42.848+05:30  INFO 11060 --- [User-Service] [main] c.h.userservice.UserServiceApplication   : No active profile set, falling back to 1 default profile: "default"
2025-06-22T11:25:45.295+05:30  INFO 11060 --- [User-Service] [main] .s.d.r.c.RepositoryConfigurationDelegate : Bootstrapping Spring Data JPA repositories in DEFAULT mode.
2025-06-22T11:25:45.578+05:30  INFO 11060 --- [User-Service] [main] .s.d.r.c.RepositoryConfigurationDelegate : Finished Spring Data repository scanning in 93 ms. Found 1 JPA repository interface.
2025-06-22T11:25:46.796+05:30  INFO 11060 --- [User-Service] [main] o.s.b.w.embedded.tomcat.TomcatWebServer  : Tomcat initialized with port 8080 (http)
2025-06-22T11:25:46.812+05:30  INFO 11060 --- [User-Service] [main] o.apache.catalina.core.StandardService   : Starting service [Tomcat]
2025-06-22T11:25:46.813+05:30  INFO 11060 --- [User-Service] [main] o.apache.catalina.core.StandardEngine    : Starting Servlet engine: [Apache Tomcat/10.1.41]
2025-06-22T11:25:46.876+05:30  INFO 11060 --- [User-Service] [main] o.a.c.c.C.[Tomcat].[localhost].[/]       : Initializing Spring embedded WebApplicationContext
2025-06-22T11:25:46.876+05:30  INFO 11060 --- [User-Service] [main] w.s.c.ServletWebServerApplicationContext : Root WebApplicationContext: initialization completed in 3906 ms
2025-06-22T11:25:47.107+05:30  INFO 11060 --- [User-Service] [main] o.hibernate.jpa.internal.util.LogHelper  : HHH000204: Processing PersistenceUnitInfo [name: default]
2025-06-22T11:25:47.198+05:30  INFO 11060 --- [User-Service] [main] org.hibernate.Version                    : HHH000412: Hibernate ORM core version 6.6.15.Final
2025-06-22T11:25:47.234+05:30  INFO 11060 --- [User-Service] [main] o.h.c.internal.RegionFactoryInitiator    : HHH000026: Second-level cache disabled
2025-06-22T11:25:47.959+05:30  INFO 11060 --- [User-Service] [main] o.s.o.j.p.SpringPersistenceUnitInfo      : No LoadTimeWeaver setup: ignoring JPA class transformer
2025-06-22T11:25:48.150+05:30  INFO 11060 --- [User-Service] [main] com.zaxxer.hikari.HikariDataSource       : HikariPool-1 - Starting...
2025-06-22T11:25:59.071+05:30  INFO 11060 --- [User-Service] [main] com.zaxxer.hikari.pool.HikariPool        : HikariPool-1 - Added connection com.mysql.cj.jdbc.ConnectionImpl@6eb00cbe
2025-06-22T11:25:59.087+05:30  INFO 11060 --- [User-Service] [main] com.zaxxer.hikari.HikariDataSource       : HikariPool-1 - Start completed.
2025-06-22T11:26:02.042+05:30  WARN 11060 --- [User-Service] [main] org.hibernate.orm.deprecation            : HHH90000025: MySQLDialect does not need to be specified explicitly using 'hibernate.dialect' (remove the property setting and it will be selected by default)
2025-06-22T11:26:02.063+05:30  INFO 11060 --- [User-Service] [main] org.hibernate.orm.connections.pooling    : HHH10001005: Database info:
	Database JDBC URL [Connecting through datasource 'HikariDataSource (HikariPool-1)']
	Database driver: undefined/unknown
	Database version: 8.0.41
	Autocommit mode: undefined/unknown
	Isolation level: undefined/unknown
	Minimum pool size: undefined/unknown
	Maximum pool size: undefined/unknown
2025-06-22T11:26:04.513+05:30  INFO 11060 --- [User-Service] [main] o.h.e.t.j.p.i.JtaPlatformInitiator       : HHH000489: No JTA platform available (set 'hibernate.transaction.jta.platform' to enable JTA platform integration)
2025-06-22T11:26:10.248+05:30  INFO 11060 --- [User-Service] [main] j.LocalContainerEntityManagerFactoryBean : Initialized JPA EntityManagerFactory for persistence unit 'default'
2025-06-22T11:26:10.842+05:30 DEBUG 11060 --- [User-Service] [main] c.h.userservice.filter.JwtAuthFilter     : Filter 'jwtAuthFilter' configured for use
2025-06-22T11:26:10.949+05:30  INFO 11060 --- [User-Service] [main] eAuthenticationProviderManagerConfigurer : Global AuthenticationManager configured with AuthenticationProvider bean with name authenticationProvider
2025-06-22T11:26:10.950+05:30  WARN 11060 --- [User-Service] [main] r$InitializeUserDetailsManagerConfigurer : Global AuthenticationManager configured with an AuthenticationProvider bean. UserDetailsService beans will not be used by Spring Security for automatically configuring username/password login. Consider removing the AuthenticationProvider bean. Alternatively, consider using the UserDetailsService in a manually instantiated DaoAuthenticationProvider. If the current configuration is intentional, to turn off this warning, increase the logging level of 'org.springframework.security.config.annotation.authentication.configuration.InitializeUserDetailsBeanManagerConfigurer' to ERROR
2025-06-22T11:26:11.325+05:30  WARN 11060 --- [User-Service] [main] JpaBaseConfiguration$JpaWebConfiguration : spring.jpa.open-in-view is enabled by default. Therefore, database queries may be performed during view rendering. Explicitly configure spring.jpa.open-in-view to disable this warning
2025-06-22T11:26:11.952+05:30  WARN 11060 --- [User-Service] [main] thorizationManagerRequestMatcherRegistry : One of the patterns in [/swagger-ui/**, /swagger-ui.html, /v3/api-docs/**, /swagger-resources/**, /webjars/**, /api/authenticate/register, /api/authenticate/login, api/authenticate/verifyDetails] is missing a leading slash. This is discouraged; please include the leading slash in all your request matcher patterns. In future versions of Spring Security, leaving out the leading slash will result in an exception.
2025-06-22T11:26:15.552+05:30  INFO 11060 --- [User-Service] [main] o.s.b.w.embedded.tomcat.TomcatWebServer  : Tomcat started on port 8080 (http) with context path '/'
2025-06-22T11:26:15.563+05:30  INFO 11060 --- [User-Service] [main] c.h.userservice.UserServiceApplication   : Started UserServiceApplication in 34.278 seconds (process running for 37.765)
2025-06-22T11:28:24.104+05:30  INFO 11060 --- [User-Service] [http-nio-8080-exec-2] o.a.c.c.C.[Tomcat].[localhost].[/]       : Initializing Spring DispatcherServlet 'dispatcherServlet'
2025-06-22T11:28:24.105+05:30  INFO 11060 --- [User-Service] [http-nio-8080-exec-2] o.s.web.servlet.DispatcherServlet        : Initializing Servlet 'dispatcherServlet'
2025-06-22T11:28:24.107+05:30  INFO 11060 --- [User-Service] [http-nio-8080-exec-2] o.s.web.servlet.DispatcherServlet        : Completed initialization in 2 ms
2025-06-22T11:30:25.375+05:30  INFO 11060 --- [User-Service] [http-nio-8080-exec-5] c.h.u.service.UserInfoServiceImp         : Fetching user with id=102 
2025-06-22T11:30:25.414+05:30 DEBUG 11060 --- [User-Service] [http-nio-8080-exec-5] c.h.u.service.UserInfoServiceImp         : User found: UserInfo [userId=102, userName=Steve, email=steve@gmail.com, phoneNumber=1122334455, password=$2a$10$fQx8zMI8ncJQeP/OHul1OOzKRkbG.ROLib4EsYNAWnCGRijYEGX.q, roles=customer]
2025-06-22T11:31:48.960+05:30  INFO 11060 --- [User-Service] [http-nio-8080-exec-10] c.h.u.service.UserInfoServiceImp         : Fetching user with id=102 
2025-06-22T11:31:48.965+05:30 DEBUG 11060 --- [User-Service] [http-nio-8080-exec-10] c.h.u.service.UserInfoServiceImp         : User found: UserInfo [userId=102, userName=Steve, email=steve@gmail.com, phoneNumber=1122334455, password=$2a$10$fQx8zMI8ncJQeP/OHul1OOzKRkbG.ROLib4EsYNAWnCGRijYEGX.q, roles=customer]
2025-06-22T11:38:54.878+05:30  INFO 11060 --- [User-Service] [RMI TCP Connection(17)-127.0.0.1] inMXBeanRegistrar$SpringApplicationAdmin : Application shutdown requested.
2025-06-22T11:39:03.751+05:30  INFO 11060 --- [User-Service] [RMI TCP Connection(17)-127.0.0.1] o.s.b.w.e.tomcat.GracefulShutdown        : Commencing graceful shutdown. Waiting for active requests to complete
2025-06-22T11:39:04.930+05:30  INFO 11060 --- [User-Service] [tomcat-shutdown] o.s.b.w.e.tomcat.GracefulShutdown        : Graceful shutdown complete
2025-06-22T11:39:07.703+05:30  INFO 11060 --- [User-Service] [RMI TCP Connection(17)-127.0.0.1] j.LocalContainerEntityManagerFactoryBean : Closing JPA EntityManagerFactory for persistence unit 'default'
2025-06-22T11:39:09.198+05:30  INFO 11060 --- [User-Service] [RMI TCP Connection(17)-127.0.0.1] com.zaxxer.hikari.HikariDataSource       : HikariPool-1 - Shutdown initiated...
2025-06-22T11:39:12.064+05:30  INFO 11060 --- [User-Service] [RMI TCP Connection(17)-127.0.0.1] com.zaxxer.hikari.HikariDataSource       : HikariPool-1 - Shutdown completed.
2025-06-22T11:39:54.931+05:30  INFO 13996 --- [User-Service] [main] c.h.userservice.UserServiceApplication   : Starting UserServiceApplication using Java 21.0.6 with PID 13996 (C:\Users\Tharun\Desktop\Hexaware\Java_Angular_Hexaware\CaseStudy\User-Service\target\classes started by Tharun in C:\Users\Tharun\Desktop\Hexaware\Java_Angular_Hexaware\CaseStudy\User-Service)
2025-06-22T11:39:54.934+05:30 DEBUG 13996 --- [User-Service] [main] c.h.userservice.UserServiceApplication   : Running with Spring Boot v3.5.0, Spring v6.2.7
2025-06-22T11:39:54.935+05:30  INFO 13996 --- [User-Service] [main] c.h.userservice.UserServiceApplication   : No active profile set, falling back to 1 default profile: "default"
2025-06-22T11:39:56.412+05:30  INFO 13996 --- [User-Service] [main] .s.d.r.c.RepositoryConfigurationDelegate : Bootstrapping Spring Data JPA repositories in DEFAULT mode.
2025-06-22T11:39:56.473+05:30  INFO 13996 --- [User-Service] [main] .s.d.r.c.RepositoryConfigurationDelegate : Finished Spring Data repository scanning in 49 ms. Found 1 JPA repository interface.
2025-06-22T11:39:57.848+05:30  INFO 13996 --- [User-Service] [main] o.s.b.w.embedded.tomcat.TomcatWebServer  : Tomcat initialized with port 8080 (http)
2025-06-22T11:39:57.880+05:30  INFO 13996 --- [User-Service] [main] o.apache.catalina.core.StandardService   : Starting service [Tomcat]
2025-06-22T11:39:57.883+05:30  INFO 13996 --- [User-Service] [main] o.apache.catalina.core.StandardEngine    : Starting Servlet engine: [Apache Tomcat/10.1.41]
2025-06-22T11:39:58.057+05:30  INFO 13996 --- [User-Service] [main] o.a.c.c.C.[Tomcat].[localhost].[/]       : Initializing Spring embedded WebApplicationContext
2025-06-22T11:39:58.058+05:30  INFO 13996 --- [User-Service] [main] w.s.c.ServletWebServerApplicationContext : Root WebApplicationContext: initialization completed in 3079 ms
2025-06-22T11:39:58.242+05:30  INFO 13996 --- [User-Service] [main] o.hibernate.jpa.internal.util.LogHelper  : HHH000204: Processing PersistenceUnitInfo [name: default]
2025-06-22T11:39:58.293+05:30  INFO 13996 --- [User-Service] [main] org.hibernate.Version                    : HHH000412: Hibernate ORM core version 6.6.15.Final
2025-06-22T11:39:58.327+05:30  INFO 13996 --- [User-Service] [main] o.h.c.internal.RegionFactoryInitiator    : HHH000026: Second-level cache disabled
2025-06-22T11:39:58.651+05:30  INFO 13996 --- [User-Service] [main] o.s.o.j.p.SpringPersistenceUnitInfo      : No LoadTimeWeaver setup: ignoring JPA class transformer
2025-06-22T11:39:58.691+05:30  INFO 13996 --- [User-Service] [main] com.zaxxer.hikari.HikariDataSource       : HikariPool-1 - Starting...
2025-06-22T11:40:00.181+05:30  INFO 13996 --- [User-Service] [main] com.zaxxer.hikari.pool.HikariPool        : HikariPool-1 - Added connection com.mysql.cj.jdbc.ConnectionImpl@65d23aa3
2025-06-22T11:40:00.186+05:30  INFO 13996 --- [User-Service] [main] com.zaxxer.hikari.HikariDataSource       : HikariPool-1 - Start completed.
2025-06-22T11:40:00.549+05:30  WARN 13996 --- [User-Service] [main] org.hibernate.orm.deprecation            : HHH90000025: MySQLDialect does not need to be specified explicitly using 'hibernate.dialect' (remove the property setting and it will be selected by default)
2025-06-22T11:40:00.574+05:30  INFO 13996 --- [User-Service] [main] org.hibernate.orm.connections.pooling    : HHH10001005: Database info:
	Database JDBC URL [Connecting through datasource 'HikariDataSource (HikariPool-1)']
	Database driver: undefined/unknown
	Database version: 8.0.41
	Autocommit mode: undefined/unknown
	Isolation level: undefined/unknown
	Minimum pool size: undefined/unknown
	Maximum pool size: undefined/unknown
2025-06-22T11:40:01.460+05:30  INFO 13996 --- [User-Service] [main] o.h.e.t.j.p.i.JtaPlatformInitiator       : HHH000489: No JTA platform available (set 'hibernate.transaction.jta.platform' to enable JTA platform integration)
2025-06-22T11:40:02.269+05:30  INFO 13996 --- [User-Service] [main] j.LocalContainerEntityManagerFactoryBean : Initialized JPA EntityManagerFactory for persistence unit 'default'
2025-06-22T11:40:02.598+05:30 DEBUG 13996 --- [User-Service] [main] c.h.userservice.filter.JwtAuthFilter     : Filter 'jwtAuthFilter' configured for use
2025-06-22T11:40:02.690+05:30  INFO 13996 --- [User-Service] [main] eAuthenticationProviderManagerConfigurer : Global AuthenticationManager configured with AuthenticationProvider bean with name authenticationProvider
2025-06-22T11:40:02.691+05:30  WARN 13996 --- [User-Service] [main] r$InitializeUserDetailsManagerConfigurer : Global AuthenticationManager configured with an AuthenticationProvider bean. UserDetailsService beans will not be used by Spring Security for automatically configuring username/password login. Consider removing the AuthenticationProvider bean. Alternatively, consider using the UserDetailsService in a manually instantiated DaoAuthenticationProvider. If the current configuration is intentional, to turn off this warning, increase the logging level of 'org.springframework.security.config.annotation.authentication.configuration.InitializeUserDetailsBeanManagerConfigurer' to ERROR
2025-06-22T11:40:02.948+05:30  WARN 13996 --- [User-Service] [main] JpaBaseConfiguration$JpaWebConfiguration : spring.jpa.open-in-view is enabled by default. Therefore, database queries may be performed during view rendering. Explicitly configure spring.jpa.open-in-view to disable this warning
2025-06-22T11:40:03.294+05:30  WARN 13996 --- [User-Service] [main] thorizationManagerRequestMatcherRegistry : One of the patterns in [/swagger-ui/**, /swagger-ui.html, /v3/api-docs/**, /swagger-resources/**, /webjars/**, /api/authenticate/register, /api/authenticate/login, api/authenticate/verifyDetails] is missing a leading slash. This is discouraged; please include the leading slash in all your request matcher patterns. In future versions of Spring Security, leaving out the leading slash will result in an exception.
2025-06-22T11:40:03.995+05:30  INFO 13996 --- [User-Service] [main] o.s.b.w.embedded.tomcat.TomcatWebServer  : Tomcat started on port 8080 (http) with context path '/'
2025-06-22T11:40:04.007+05:30  INFO 13996 --- [User-Service] [main] c.h.userservice.UserServiceApplication   : Started UserServiceApplication in 9.697 seconds (process running for 10.929)
2025-06-22T11:40:32.231+05:30  INFO 13996 --- [User-Service] [http-nio-8080-exec-2] o.a.c.c.C.[Tomcat].[localhost].[/]       : Initializing Spring DispatcherServlet 'dispatcherServlet'
2025-06-22T11:40:32.232+05:30  INFO 13996 --- [User-Service] [http-nio-8080-exec-2] o.s.web.servlet.DispatcherServlet        : Initializing Servlet 'dispatcherServlet'
2025-06-22T11:40:32.235+05:30  INFO 13996 --- [User-Service] [http-nio-8080-exec-2] o.s.web.servlet.DispatcherServlet        : Completed initialization in 2 ms
2025-06-22T11:40:35.940+05:30  INFO 13996 --- [User-Service] [http-nio-8080-exec-5] c.h.u.service.UserInfoServiceImp         : Fetching user with id=102 
2025-06-22T11:40:36.033+05:30 DEBUG 13996 --- [User-Service] [http-nio-8080-exec-5] c.h.u.service.UserInfoServiceImp         : User found: UserInfo [userId=102, userName=Steve, email=steve@gmail.com, phoneNumber=1122334455, password=$2a$10$fQx8zMI8ncJQeP/OHul1OOzKRkbG.ROLib4EsYNAWnCGRijYEGX.q, roles=customer]
2025-06-22T11:46:37.192+05:30  INFO 13996 --- [User-Service] [http-nio-8080-exec-3] c.h.u.service.UserInfoServiceImp         : Fetching user with id=104 
2025-06-22T11:46:37.201+05:30 DEBUG 13996 --- [User-Service] [http-nio-8080-exec-3] c.h.u.service.UserInfoServiceImp         : User found: UserInfo [userId=104, userName=Tharun, email=tharun@gmail.com, phoneNumber=5555544444, password=$2a$10$9UaYF/j4eOi1K25tVIMsUesrX0xfUTGCkAZ09..VY6eRgTmdLrWbe, roles=INACTIVE]
2025-06-22T11:46:54.991+05:30  INFO 13996 --- [User-Service] [http-nio-8080-exec-9] c.h.u.service.UserInfoServiceImp         : Fetching user with id=104 
2025-06-22T11:46:55.002+05:30 DEBUG 13996 --- [User-Service] [http-nio-8080-exec-9] c.h.u.service.UserInfoServiceImp         : User found: UserInfo [userId=104, userName=Tharun, email=tharun@gmail.com, phoneNumber=5555544444, password=$2a$10$9UaYF/j4eOi1K25tVIMsUesrX0xfUTGCkAZ09..VY6eRgTmdLrWbe, roles=INACTIVE]
2025-06-22T11:47:11.030+05:30  INFO 13996 --- [User-Service] [http-nio-8080-exec-4] c.h.u.service.UserInfoServiceImp         : Fetching user with id=104 
2025-06-22T11:47:11.038+05:30 DEBUG 13996 --- [User-Service] [http-nio-8080-exec-4] c.h.u.service.UserInfoServiceImp         : User found: UserInfo [userId=104, userName=Tharun, email=tharun@gmail.com, phoneNumber=5555544444, password=$2a$10$9UaYF/j4eOi1K25tVIMsUesrX0xfUTGCkAZ09..VY6eRgTmdLrWbe, roles=INACTIVE]
2025-06-22T11:48:09.147+05:30  INFO 13996 --- [User-Service] [http-nio-8080-exec-9] c.h.u.service.UserInfoServiceImp         : Fetching user with id=104 
2025-06-22T11:48:09.156+05:30 DEBUG 13996 --- [User-Service] [http-nio-8080-exec-9] c.h.u.service.UserInfoServiceImp         : User found: UserInfo [userId=104, userName=Tharun, email=tharun@gmail.com, phoneNumber=5555544444, password=$2a$10$9UaYF/j4eOi1K25tVIMsUesrX0xfUTGCkAZ09..VY6eRgTmdLrWbe, roles=INACTIVE]
2025-06-22T11:48:58.243+05:30  INFO 13996 --- [User-Service] [http-nio-8080-exec-3] c.h.u.service.UserInfoServiceImp         : Fetching user with id=104 
2025-06-22T11:48:58.251+05:30 DEBUG 13996 --- [User-Service] [http-nio-8080-exec-3] c.h.u.service.UserInfoServiceImp         : User found: UserInfo [userId=104, userName=Tharun, email=tharun@gmail.com, phoneNumber=5555544444, password=$2a$10$9UaYF/j4eOi1K25tVIMsUesrX0xfUTGCkAZ09..VY6eRgTmdLrWbe, roles=INACTIVE]
2025-06-22T11:49:17.402+05:30  INFO 13996 --- [User-Service] [http-nio-8080-exec-7] c.h.u.service.UserInfoServiceImp         : Fetching user with id=104 
2025-06-22T11:49:17.413+05:30 DEBUG 13996 --- [User-Service] [http-nio-8080-exec-7] c.h.u.service.UserInfoServiceImp         : User found: UserInfo [userId=104, userName=Tharun, email=tharun@gmail.com, phoneNumber=5555544444, password=$2a$10$9UaYF/j4eOi1K25tVIMsUesrX0xfUTGCkAZ09..VY6eRgTmdLrWbe, roles=INACTIVE]
2025-06-22T11:49:48.936+05:30  INFO 13996 --- [User-Service] [http-nio-8080-exec-2] c.h.u.service.UserInfoServiceImp         : Fetching user with id=104 
2025-06-22T11:49:48.950+05:30 DEBUG 13996 --- [User-Service] [http-nio-8080-exec-2] c.h.u.service.UserInfoServiceImp         : User found: UserInfo [userId=104, userName=Tharun, email=tharun@gmail.com, phoneNumber=5555544444, password=$2a$10$9UaYF/j4eOi1K25tVIMsUesrX0xfUTGCkAZ09..VY6eRgTmdLrWbe, roles=INACTIVE]
2025-06-22T11:51:56.958+05:30  INFO 13996 --- [User-Service] [RMI TCP Connection(14)-127.0.0.1] inMXBeanRegistrar$SpringApplicationAdmin : Application shutdown requested.
2025-06-22T11:51:56.981+05:30  INFO 13996 --- [User-Service] [RMI TCP Connection(14)-127.0.0.1] o.s.b.w.e.tomcat.GracefulShutdown        : Commencing graceful shutdown. Waiting for active requests to complete
2025-06-22T11:51:56.987+05:30  INFO 13996 --- [User-Service] [tomcat-shutdown] o.s.b.w.e.tomcat.GracefulShutdown        : Graceful shutdown complete
2025-06-22T11:51:57.000+05:30  INFO 13996 --- [User-Service] [RMI TCP Connection(14)-127.0.0.1] j.LocalContainerEntityManagerFactoryBean : Closing JPA EntityManagerFactory for persistence unit 'default'
2025-06-22T11:51:57.004+05:30  INFO 13996 --- [User-Service] [RMI TCP Connection(14)-127.0.0.1] com.zaxxer.hikari.HikariDataSource       : HikariPool-1 - Shutdown initiated...
2025-06-22T11:51:57.018+05:30  INFO 13996 --- [User-Service] [RMI TCP Connection(14)-127.0.0.1] com.zaxxer.hikari.HikariDataSource       : HikariPool-1 - Shutdown completed.
